<?xml version="1.0" encoding="UTF-8"?>
<!-- Generated by org.testng.reporters.JUnitReportReporter -->
<testsuite skipped="0" hostname="jaychh1ld1" name="com.hubspot.appTest.LoginPagetest" tests="6" failures="0" timestamp="27 Sep 2019 11:15:05 GMT" time="76.229" errors="0">
  <testcase name="verifyLogingpagetitle" time="12.861" classname="com.hubspot.appTest.LoginPagetest"/>
  <testcase name="verifyLogingpagetitle" time="10.316" classname="com.hubspot.appTest.LoginPagetest"/>
  <testcase name="verifyloginwithValiddata" time="14.336" classname="com.hubspot.appTest.LoginPagetest"/>
  <testcase name="verifyloginwithValiddata" time="19.310" classname="com.hubspot.appTest.LoginPagetest"/>
  <testcase name="verifyloginwithNodata" time="11.730" classname="com.hubspot.appTest.LoginPagetest"/>
  <testcase name="verifyloginwithNodata" time="7.676" classname="com.hubspot.appTest.LoginPagetest"/>
</testsuite> <!-- com.hubspot.appTest.LoginPagetest -->
