<?xml version="1.0" encoding="UTF-8"?>
<!-- Generated by org.testng.reporters.JUnitReportReporter -->
<testsuite skipped="0" hostname="jaychh1ld1" name="com.hubspot.appTest.LoginPagetest" tests="1" failures="0" timestamp="20 Sep 2019 11:28:35 GMT" time="12.997" errors="0">
  <testcase name="verifyLogingpagetitle" time="12.997" classname="com.hubspot.appTest.LoginPagetest"/>
</testsuite> <!-- com.hubspot.appTest.LoginPagetest -->
