<?xml version="1.0" encoding="UTF-8"?>
<!-- Generated by org.testng.reporters.JUnitReportReporter -->
<testsuite skipped="0" hostname="jaychh1ld1" name="com.hubspot.appTest.LoginPagetest" tests="6" failures="0" timestamp="10 Oct 2019 13:24:06 GMT" time="101.404" errors="0">
  <testcase name="verifyLogingpagetitle" time="17.058" classname="com.hubspot.appTest.LoginPagetest"/>
  <testcase name="verifyLogingpagetitle" time="16.229" classname="com.hubspot.appTest.LoginPagetest"/>
  <testcase name="verifyloginwithValiddata" time="20.098" classname="com.hubspot.appTest.LoginPagetest"/>
  <testcase name="verifyloginwithValiddata" time="17.686" classname="com.hubspot.appTest.LoginPagetest"/>
  <testcase name="verifyloginwithNodata" time="20.571" classname="com.hubspot.appTest.LoginPagetest"/>
  <testcase name="verifyloginwithNodata" time="9.762" classname="com.hubspot.appTest.LoginPagetest"/>
</testsuite> <!-- com.hubspot.appTest.LoginPagetest -->
